#
# There is insufficient memory for the Java Runtime Environment to continue.
# Native memory allocation (malloc) failed to allocate 1048576 bytes for AllocateHeap
# Possible reasons:
#   The system is out of physical RAM or swap space
#   In 32 bit mode, the process size limit was hit
# Possible solutions:
#   Reduce memory load on the system
#   Increase physical memory or swap space
#   Check if swap backing store is full
#   Use 64 bit Java on a 64 bit OS
#   Decrease Java heap size (-Xmx/-Xms)
#   Decrease number of Java threads
#   Decrease Java thread stack sizes (-Xss)
#   Set larger code cache with -XX:ReservedCodeCacheSize=
# This output file may be truncated or incomplete.
#
#  Out of Memory Error (memory/allocation.inline.hpp:61), pid=4656, tid=3972
#
# JRE version:  (8.0_60-b27) (build )
# Java VM: Java HotSpot(TM) 64-Bit Server VM (25.60-b23 mixed mode windows-amd64 compressed oops)
# Failed to write core dump. Minidumps are not enabled by default on client versions of Windows
#

---------------  T H R E A D  ---------------

Current thread (0x0000000002521000):  JavaThread "Unknown thread" [_thread_in_vm, id=3972, stack(0x00000000020b0000,0x00000000021b0000)]

Stack: [0x00000000020b0000,0x00000000021b0000]
[error occurred during error reporting (printing stack bounds), id 0xc0000005]

Native frames: (J=compiled Java code, j=interpreted, Vv=VM code, C=native code)


---------------  P R O C E S S  ---------------

Java Threads: ( => current thread )

Other Threads:

=>0x0000000002521000 (exited) JavaThread "Unknown thread" [_thread_in_vm, id=3972, stack(0x00000000020b0000,0x00000000021b0000)]

VM state:not at safepoint (normal execution)

VM Mutex/Monitor currently owned by a thread: None

Heap:
 PSYoungGen      total 18944K, used 327K [0x00000000eb200000, 0x00000000ec700000, 0x0000000100000000)
  eden space 16384K, 2% used [0x00000000eb200000,0x00000000eb251ec8,0x00000000ec200000)
  from space 2560K, 0% used [0x00000000ec480000,0x00000000ec480000,0x00000000ec700000)
  to   space 2560K, 0% used [0x00000000ec200000,0x00000000ec200000,0x00000000ec480000)
 ParOldGen       total 44032K, used 0K [0x00000000c1600000, 0x00000000c4100000, 0x00000000eb200000)
  object space 44032K, 0% used [0x00000000c1600000,0x00000000c1600000,0x00000000c4100000)
 Metaspace       used 781K, capacity 1092K, committed 1152K, reserved 1060864K
  class space    used 75K, capacity 384K, committed 384K, reserved 1048576K

Card table byte_map: [0x00000000119e0000,0x0000000011be0000] byte_map_base: 0x00000000113d5000

Marking Bits: (ParMarkBitMap*) 0x0000000071cea5b0
 Begin Bits: [0x0000000012130000, 0x00000000130d8000)
 End Bits:   [0x00000000130d8000, 0x0000000014080000)

Polling page: 0x00000000001f0000

CodeCache: size=245760Kb used=328Kb max_used=328Kb free=245431Kb
 bounds [0x0000000002620000, 0x0000000002890000, 0x0000000011620000]
 total_blobs=57 nmethods=0 adapters=37
 compilation: enabled

Compilation events (0 events):
No events

GC Heap History (0 events):
No events

Deoptimization events (0 events):
No events

Internal exceptions (0 events):
No events

Events (10 events):
Event: 0.037 loading class java/lang/Short
Event: 0.038 loading class java/lang/Short done
Event: 0.038 loading class java/lang/Integer
Event: 0.038 loading class java/lang/Integer done
Event: 0.038 loading class java/lang/Long
Event: 0.038 loading class java/lang/Long done
Event: 0.040 loading class java/lang/NullPointerException
Event: 0.040 loading class java/lang/NullPointerException done
Event: 0.040 loading class java/lang/ArithmeticException
Event: 0.040 loading class java/lang/ArithmeticException done


Dynamic libraries:
0x00007ff635440000 - 0x00007ff635477000 	C:\Program Files\Java\jdk1.8.0_60\bin\javaw.exe
0x00007ff9d65c0000 - 0x00007ff9d6781000 	C:\WINDOWS\SYSTEM32\ntdll.dll
0x00007ff9d5dc0000 - 0x00007ff9d5e6d000 	C:\WINDOWS\system32\KERNEL32.DLL
0x00007ff9d35c0000 - 0x00007ff9d37a8000 	C:\WINDOWS\system32\KERNELBASE.dll
0x00007ff9d56d0000 - 0x00007ff9d5777000 	C:\WINDOWS\system32\ADVAPI32.dll
0x00007ff9d6400000 - 0x00007ff9d649d000 	C:\WINDOWS\system32\msvcrt.dll
0x00007ff9d50c0000 - 0x00007ff9d511b000 	C:\WINDOWS\system32\sechost.dll
0x00007ff9d5120000 - 0x00007ff9d523c000 	C:\WINDOWS\system32\RPCRT4.dll
0x00007ff9d5570000 - 0x00007ff9d56c6000 	C:\WINDOWS\system32\USER32.dll
0x00007ff9d4f30000 - 0x00007ff9d50b6000 	C:\WINDOWS\system32\GDI32.dll
0x00007ff9bd260000 - 0x00007ff9bd4d4000 	C:\WINDOWS\WinSxS\amd64_microsoft.windows.common-controls_6595b64144ccf1df_6.0.10586.0_none_8c15ae12515e1c22\COMCTL32.dll
0x00007ff9d52f0000 - 0x00007ff9d556d000 	C:\WINDOWS\system32\combase.dll
0x00007ff9d2ba0000 - 0x00007ff9d2c0a000 	C:\WINDOWS\system32\bcryptPrimitives.dll
0x00007ff9d5ed0000 - 0x00007ff9d5f0b000 	C:\WINDOWS\system32\IMM32.DLL
0x0000000071330000 - 0x0000000071402000 	C:\Program Files\Java\jdk1.8.0_60\jre\bin\msvcr100.dll
0x00000000714e0000 - 0x0000000071d69000 	C:\Program Files\Java\jdk1.8.0_60\jre\bin\server\jvm.dll
0x00007ff9d2b70000 - 0x00007ff9d2b93000 	C:\WINDOWS\system32\WINMM.dll
0x00007ff9d29b0000 - 0x00007ff9d29dc000 	C:\WINDOWS\system32\WINMMBASE.dll
0x00007ff9d37b0000 - 0x00007ff9d37f3000 	C:\WINDOWS\system32\cfgmgr32.dll
0x00007ff9d65b0000 - 0x00007ff9d65b8000 	C:\WINDOWS\system32\PSAPI.DLL
0x00007ff9be8c0000 - 0x00007ff9be8c9000 	C:\WINDOWS\SYSTEM32\WSOCK32.dll
0x00007ff9d6320000 - 0x00007ff9d638b000 	C:\WINDOWS\system32\WS2_32.dll
0x00007ff9c5910000 - 0x00007ff9c591a000 	C:\WINDOWS\SYSTEM32\VERSION.dll
0x00000000714d0000 - 0x00000000714df000 	C:\Program Files\Java\jdk1.8.0_60\jre\bin\verify.dll
0x00000000714a0000 - 0x00000000714c9000 	C:\Program Files\Java\jdk1.8.0_60\jre\bin\java.dll
0x0000000071480000 - 0x0000000071496000 	C:\Program Files\Java\jdk1.8.0_60\jre\bin\zip.dll

VM Arguments:
jvm_args: -Dfile.encoding=GBK 
java_command: view.test
java_class_path (initial): C:\Users\51580\Documents\workspace\RussiaPanel\bin
Launcher Type: SUN_STANDARD

Environment Variables:
JAVA_HOME=C:\Program Files\Java\jdk1.8.0_60
CLASSPATH=.;C:\Program Files\Java\jdk1.8.0_60\lib\dt.jar;C:\Program Files\Java\jdk1.8.0_60\lib\tools.jar;
PATH=C:/Program Files/Java/jdk1.8.0_60/jre/bin/server;C:/Program Files/Java/jdk1.8.0_60/jre/bin;C:/Program Files/Java/jdk1.8.0_60/jre/lib/amd64;C:\ProgramData\Oracle\Java\javapath;C:\WINDOWS\system32;C:\WINDOWS;C:\WINDOWS\System32\Wbem;C:\WINDOWS\System32\WindowsPowerShell\v1.0\;c:\windows\system32;C:\Program Files\Java\jdk1.8.0_60\bin;C:\Program Files\Java\jdk1.8.0_60\jre\bin;C:\Users\51580\Documents\adt-bundle-windows-x86_64-20140321\sdk\platform-tools;C:\Program Files\Git\cmd;C:\Program Files\Microsoft\Web Platform Installer\;C:\Program Files (x86)\Microsoft ASP.NET\ASP.NET Web Pages\v1.0\;C:\Program Files\Microsoft SQL Server\110\Tools\Binn\;c:\Program Files (x86)\Microsoft SQL Server\100\Tools\Binn\;c:\Program Files\Microsoft SQL Server\100\Tools\Binn\;c:\Program Files\Microsoft SQL Server\100\DTS\Binn\;C:\Python27;C:\Python27\Scripts;C:\WINDOWS\System32;
USERNAME=51580
OS=Windows_NT
PROCESSOR_IDENTIFIER=Intel64 Family 6 Model 69 Stepping 1, GenuineIntel



---------------  S Y S T E M  ---------------

OS: Windows 10.0 , 64 bit Build 10586 (10.0.10586.0)

CPU:total 4 (2 cores per cpu, 2 threads per core) family 6 model 69 stepping 1, cmov, cx8, fxsr, mmx, sse, sse2, sse3, ssse3, sse4.1, sse4.2, popcnt, avx, avx2, aes, clmul, erms, lzcnt, ht, tsc, tscinvbit, bmi1, bmi2

Memory: 4k page, physical 4097112k(729744k free), swap 8594448k(3920k free)

vm_info: Java HotSpot(TM) 64-Bit Server VM (25.60-b23) for windows-amd64 JRE (1.8.0_60-b27), built on Aug  4 2015 11:06:27 by "java_re" with MS VC++ 10.0 (VS2010)

time: Sun Jun 12 18:24:19 2016
elapsed time: 0 seconds (0d 0h 0m 0s)

